2023-11-21T19:25:00+00:00 CRITICAL Uncaught WCPay\Exceptions\API_Exception: Your site host "localhost" is on a private network. Jetpack can only connect to public sites. in C:\xampp\htdocs\wordpress\wp-content\plugins\woocommerce-payments\includes\wc-payment-api\class-wc-payments-http.php:194
Stack trace:
#0 C:\xampp\htdocs\wordpress\wp-content\plugins\woocommerce-payments\includes\wc-payment-api\class-wc-payments-api-client.php(221): WC_Payments_Http->start_connection('http://localhos...')
#1 C:\xampp\htdocs\wordpress\wp-content\plugins\woocommerce-payments\includes\class-wc-payments-account.php(1886): WC_Payments_API_Client->start_server_connection('http://localhos...')
#2 C:\xampp\htdocs\wordpress\wp-content\plugins\woocommerce-payments\includes\class-wc-payments-account.php(983): WC_Payments_Account->redirect_to_onboarding_flow_page()
#3 C:\xampp\htdocs\wordpress\wp-includes\class-wp-hook.php(324): WC_Payments_Account->maybe_handle_onboarding('')
#4 C:\xampp\htdocs\wordpress\wp-includes\class-wp-hook.php(348): WP_Hook->apply_filters(NULL, Array)
#5 C:\xampp\htdocs\wordpress\wp-includes\plugin.php(517): WP_Hook->do_action(Array)
#6 C:\xampp\htdocs\wordpress\wp-admin\admin.php(175): do_action('admin_init')
#7 {main}
  thrown en C:\xampp\htdocs\wordpress\wp-content\plugins\woocommerce-payments\includes\wc-payment-api\class-wc-payments-http.php en la línea 194

2023-11-21T19:25:46+00:00 CRITICAL Uncaught WCPay\Exceptions\API_Exception: Your site host "localhost" is on a private network. Jetpack can only connect to public sites. in C:\xampp\htdocs\wordpress\wp-content\plugins\woocommerce-payments\includes\wc-payment-api\class-wc-payments-http.php:194
Stack trace:
#0 C:\xampp\htdocs\wordpress\wp-content\plugins\woocommerce-payments\includes\wc-payment-api\class-wc-payments-api-client.php(221): WC_Payments_Http->start_connection('http://localhos...')
#1 C:\xampp\htdocs\wordpress\wp-content\plugins\woocommerce-payments\includes\class-wc-payments-account.php(1886): WC_Payments_API_Client->start_server_connection('http://localhos...')
#2 C:\xampp\htdocs\wordpress\wp-content\plugins\woocommerce-payments\includes\class-wc-payments-account.php(983): WC_Payments_Account->redirect_to_onboarding_flow_page()
#3 C:\xampp\htdocs\wordpress\wp-includes\class-wp-hook.php(324): WC_Payments_Account->maybe_handle_onboarding('')
#4 C:\xampp\htdocs\wordpress\wp-includes\class-wp-hook.php(348): WP_Hook->apply_filters(NULL, Array)
#5 C:\xampp\htdocs\wordpress\wp-includes\plugin.php(517): WP_Hook->do_action(Array)
#6 C:\xampp\htdocs\wordpress\wp-admin\admin.php(175): do_action('admin_init')
#7 C:\xampp\htdocs\wordpress\wp-admin\index.php(10): require_once('C:\\xampp\\htdocs...')
#8 {main}
  thrown en C:\xampp\htdocs\wordpress\wp-content\plugins\woocommerce-payments\includes\wc-payment-api\class-wc-payments-http.php en la línea 194

